<?xml version="1.0" encoding="UTF-8"?>
<coverage generated="1723555644237" clover="3.2.0">
  <project timestamp="1723555644237" name="All files">
    <metrics statements="24" coveredstatements="22" conditionals="6" coveredconditionals="3" methods="14" coveredmethods="14" elements="44" coveredelements="39" complexity="0" loc="24" ncloc="24" packages="3" files="6" classes="6"/>
    <package name="testning">
      <metrics statements="2" coveredstatements="0" conditionals="0" coveredconditionals="0" methods="0" coveredmethods="0"/>
      <file name="postcss.config.ts" path="/Users/malle_skola/Desktop/testning/postcss.config.ts">
        <metrics statements="1" coveredstatements="0" conditionals="0" coveredconditionals="0" methods="0" coveredmethods="0"/>
        <line num="1" count="0" type="stmt"/>
      </file>
      <file name="tailwind.config.ts" path="/Users/malle_skola/Desktop/testning/tailwind.config.ts">
        <metrics statements="1" coveredstatements="0" conditionals="0" coveredconditionals="0" methods="0" coveredmethods="0"/>
        <line num="3" count="0" type="stmt"/>
      </file>
    </package>
    <package name="testning.src">
      <metrics statements="14" coveredstatements="14" conditionals="6" coveredconditionals="3" methods="9" coveredmethods="9"/>
      <file name="App.tsx" path="/Users/malle_skola/Desktop/testning/src/App.tsx">
        <metrics statements="14" coveredstatements="14" conditionals="6" coveredconditionals="3" methods="9" coveredmethods="9"/>
        <line num="13" count="5" type="stmt"/>
        <line num="14" count="5" type="stmt"/>
        <line num="16" count="5" type="stmt"/>
        <line num="17" count="1" type="stmt"/>
        <line num="18" count="1" type="stmt"/>
        <line num="21" count="5" type="stmt"/>
        <line num="22" count="1" type="stmt"/>
        <line num="23" count="1" type="stmt"/>
        <line num="24" count="1" type="cond" truecount="1" falsecount="1"/>
        <line num="27" count="1" type="stmt"/>
        <line num="49" count="2" type="cond" truecount="1" falsecount="1"/>
        <line num="50" count="2" type="stmt"/>
        <line num="51" count="2" type="stmt"/>
        <line num="52" count="2" type="cond" truecount="1" falsecount="1"/>
      </file>
    </package>
    <package name="testning.src.components">
      <metrics statements="8" coveredstatements="8" conditionals="0" coveredconditionals="0" methods="5" coveredmethods="5"/>
      <file name="CountButton.tsx" path="/Users/malle_skola/Desktop/testning/src/components/CountButton.tsx">
        <metrics statements="1" coveredstatements="1" conditionals="0" coveredconditionals="0" methods="1" coveredmethods="1"/>
        <line num="6" count="2" type="stmt"/>
      </file>
      <file name="EndButton.tsx" path="/Users/malle_skola/Desktop/testning/src/components/EndButton.tsx">
        <metrics statements="1" coveredstatements="1" conditionals="0" coveredconditionals="0" methods="1" coveredmethods="1"/>
        <line num="7" count="2" type="stmt"/>
      </file>
      <file name="TodoForm.tsx" path="/Users/malle_skola/Desktop/testning/src/components/TodoForm.tsx">
        <metrics statements="6" coveredstatements="6" conditionals="0" coveredconditionals="0" methods="3" coveredmethods="3"/>
        <line num="8" count="7" type="stmt"/>
        <line num="10" count="7" type="stmt"/>
        <line num="11" count="1" type="stmt"/>
        <line num="12" count="1" type="stmt"/>
        <line num="13" count="1" type="stmt"/>
        <line num="23" count="1" type="stmt"/>
      </file>
    </package>
  </project>
</coverage>
